<?xml version="1.0" encoding="UTF-8"?>
<!-- Generated by org.testng.reporters.JUnitXMLReporter -->
<testsuite hostname="DESKTOP-FNN8OD2" ignored="0" name="Default test(failed)" tests="1" failures="1" timestamp="2020-04-17T03:26:15 IST" time="0.085" errors="0">
  <testcase name="login" time="0.011" classname="testcases.applicationLoginPage">
    <failure type="java.lang.NullPointerException">
      <![CDATA[java.lang.NullPointerException
at basePackage.baseclass.initalizedriver(baseclass.java:42)
at testcases.applicationLoginPage.login(applicationLoginPage.java:23)
at java.util.ArrayList.forEach(ArrayList.java:1257)
... Removed 27 stack frames]]>
    </failure>
  </testcase> <!-- login -->
</testsuite> <!-- Default test(failed) -->
