<?xml version="1.0" encoding="UTF-8"?>
<testng-results skipped="0" failed="0" ignored="0" total="1" passed="1">
  <reporter-output>
  </reporter-output>
  <suite name="Default suite" duration-ms="18347" started-at="2020-05-06T19:58:02Z" finished-at="2020-05-06T19:58:20Z">
    <groups>
    </groups>
    <test name="Default test" duration-ms="18347" started-at="2020-05-06T19:58:02Z" finished-at="2020-05-06T19:58:20Z">
      <class name="testcases.ApplicationPractice">
        <test-method status="PASS" signature="openpage()[pri:0, instance:testcases.ApplicationPractice@29774679]" name="openpage" is-config="true" duration-ms="16966" started-at="2020-05-06T19:58:02Z" finished-at="2020-05-06T19:58:19Z">
          <reporter-output>
          </reporter-output>
        </test-method> <!-- openpage -->
        <test-method status="PASS" signature="Verifyheader()[pri:0, instance:testcases.ApplicationPractice@29774679]" name="Verifyheader" duration-ms="1343" started-at="2020-05-06T19:58:19Z" finished-at="2020-05-06T19:58:20Z">
          <reporter-output>
          </reporter-output>
        </test-method> <!-- Verifyheader -->
      </class> <!-- testcases.ApplicationPractice -->
    </test> <!-- Default test -->
  </suite> <!-- Default suite -->
</testng-results>
